Arguments: 
  /usr/local/bin/node /usr/local/Cellar/yarn/1.22.19/libexec/bin/yarn.js add -D nodemon

PATH: 
  /Library/Frameworks/Python.framework/Versions/3.11/bin:/usr/local/bin:/System/Cryptexes/App/usr/bin:/usr/bin:/bin:/usr/sbin:/sbin:/Library/Apple/usr/bin:/Applications/Postgres.app/Contents/Versions/latest/bin

Yarn version: 
  1.22.19

Node version: 
  18.12.0

Platform: 
  darwin x64

Trace: 
  Error: https://repo.artifacts.weather.com/artifactory/api/npm/web-decoupling-npm-virtual/nodemon: ETIMEDOUT
      at Timeout._onTimeout (/usr/local/Cellar/yarn/1.22.19/libexec/lib/cli.js:141550:19)
      at listOnTimeout (node:internal/timers:564:17)
      at process.processTimers (node:internal/timers:507:7)

npm manifest: 
  {
    "name": "server",
    "version": "1.0.0",
    "description": "",
    "main": "index.js",
    "scripts": {
      "watch": "tsc -w",
      "start": "node dist/index.js"
    },
    "keywords": [],
    "author": "",
    "license": "ISC",
    "devDependencies": {
      "@types/node": "^18.15.11",
      "typescript": "^5.0.4"
    }
  }

yarn manifest: 
  No manifest

Lockfile: 
  # THIS IS AN AUTOGENERATED FILE. DO NOT EDIT THIS FILE DIRECTLY.
  # yarn lockfile v1
  
  
  "@types/node@^18.15.11":
    version "18.15.11"
    resolved "https://repo.artifacts.weather.com/artifactory/api/npm/web-decoupling-npm-virtual/@types/node/-/node-18.15.11.tgz#b3b790f09cb1696cffcec605de025b088fa4225f"
    integrity sha512-E5Kwq2n4SbMzQOn6wnmBjuK9ouqlURrcZDVfbo9ftDDTFt3nk7ZKK4GMOzoYgnpQJKcxwQw+lGaBvvlMo0qN/Q==
  
  typescript@^5.0.4:
    version "5.0.4"
    resolved "https://repo.artifacts.weather.com/artifactory/api/npm/web-decoupling-npm-virtual/typescript/-/typescript-5.0.4.tgz#b217fd20119bd61a94d4011274e0ab369058da3b"
    integrity sha512-cW9T5W9xY37cc+jfEnaUvX91foxtHkza3Nw3wkoF4sSlKn0MONdkdEndig/qPBWXNkmplh3NzayQzCiHM4/hqw==
